[debug] [2021-04-03T14:57:15.278Z] ----------------------------------------------------------------------
[debug] [2021-04-03T14:57:15.279Z] Command:       C:\Program Files\nodejs\node.exe C:\Users\thegr\AppData\Roaming\npm\node_modules\firebase-tools\lib\bin\firebase.js init
[debug] [2021-04-03T14:57:15.280Z] CLI Version:   9.8.0
[debug] [2021-04-03T14:57:15.280Z] Platform:      win32
[debug] [2021-04-03T14:57:15.280Z] Node Version:  v14.16.0
[debug] [2021-04-03T14:57:15.280Z] Time:          Sat Apr 03 2021 20:27:15 GMT+0530 (India Standard Time)
[debug] [2021-04-03T14:57:15.281Z] ----------------------------------------------------------------------
[debug] 
[debug] [2021-04-03T14:57:15.286Z] > command requires scopes: ["email","openid","https://www.googleapis.com/auth/cloudplatformprojects.readonly","https://www.googleapis.com/auth/firebase","https://www.googleapis.com/auth/cloud-platform"]
[debug] [2021-04-03T14:57:15.286Z] > authorizing via signed-in user
[info] 
     ######## #### ########  ######## ########     ###     ######  ########
     ##        ##  ##     ## ##       ##     ##  ##   ##  ##       ##
     ######    ##  ########  ######   ########  #########  ######  ######
     ##        ##  ##    ##  ##       ##     ## ##     ##       ## ##
     ##       #### ##     ## ######## ########  ##     ##  ######  ########

You're about to initialize a Firebase project in this directory:

  C:\Users\thegr

Before we get started, keep in mind:

  * You are initializing in an existing Firebase project directory

[info] 
=== Project Setup
[info] 
[info] First, let's associate this project directory with a Firebase project.
[info] You can create multiple project aliases by running firebase use --add, 
[info] but for now we'll just set up a default project.
[info] 
[info] i  .firebaserc already has a default project, using medbot-59389. 
[debug] [2021-04-03T14:57:19.878Z] >>> [apiv2][query] GET https://firebase.googleapis.com/v1beta1/projects/medbot-59389 [none]
[debug] [2021-04-03T14:57:20.509Z] <<< [apiv2][status] GET https://firebase.googleapis.com/v1beta1/projects/medbot-59389 200
[debug] [2021-04-03T14:57:20.509Z] <<< [apiv2][body] GET https://firebase.googleapis.com/v1beta1/projects/medbot-59389 {"projectId":"medbot-59389","projectNumber":"975614864446","displayName":"medbot","name":"projects/medbot-59389","resources":{"hostingSite":"medbot-59389"},"state":"ACTIVE"}
[info] 
=== Hosting Setup
[info] 
[info] Your public directory is the folder (relative to your project directory) that
[info] will contain Hosting assets to be uploaded with firebase deploy. If you
[info] have a build process for your assets, use your build's output directory.
[info] 
[info] +  Wrote public/404.html 
[debug] [2021-04-03T14:57:34.217Z] >>> [apiv2][query] GET https://www.gstatic.com/firebasejs/releases.json [none]
[debug] [2021-04-03T14:57:34.540Z] <<< [apiv2][status] GET https://www.gstatic.com/firebasejs/releases.json 200
[debug] [2021-04-03T14:57:34.540Z] <<< [apiv2][body] GET https://www.gstatic.com/firebasejs/releases.json {"current":{"version":"8.3.2","browserURL":"https://www.gstatic.com/firebasejs/8.3.2/firebase.js","packageURL":"https://www.gstatic.com/firebasejs/8.3.2/firebase.tgz"},"live":{"version":"8.3","browserURL":"https://www.gstatic.com/firebasejs/live/8.3/firebase.js","packageURL":"https://www.gstatic.com/firebasejs/live/8.3/firebase.tgz"},"components":{"analytics":"https://www.gstatic.com/firebasejs/8.3.2/firebase-analytics.js","app":"https://www.gstatic.com/firebasejs/8.3.2/firebase-app.js","auth":"https://www.gstatic.com/firebasejs/8.3.2/firebase-auth.js","database":"https://www.gstatic.com/firebasejs/8.3.2/firebase-database.js","firestore":"https://www.gstatic.com/firebasejs/8.3.2/firebase-firestore.js","functions":"https://www.gstatic.com/firebasejs/8.3.2/firebase-functions.js","installations":"https://www.gstatic.com/firebasejs/8.3.2/firebase-installations.js","messaging":"https://www.gstatic.com/firebasejs/8.3.2/firebase-messaging.js","storage":"https://www.gstatic.com/firebasejs/8.3.2/firebase-storage.js","performance":"https://www.gstatic.com/firebasejs/8.3.2/firebase-performance.js","remote-config":"https://www.gstatic.com/firebasejs/8.3.2/firebase-remote-config.js","firestore.memory":"https://www.gstatic.com/firebasejs/8.3.2/firebase-firestore.memory.js"}}
